2020-04-24T11:54:06.801Z - info:   [05028] *** FOLDER: c:\moja-kolejna-proba-gh-pages\new-test-app ***
2020-04-24T11:54:06.802Z - info:   [05028] AzureReposVSCode/1.161.0 (VSCode 1.44.2; Windows_NT 10.0.17134; Node 12.8.1)
2020-04-24T11:54:06.802Z - debug:  [05028] Looking for an External Context at c:\moja-kolejna-proba-gh-pages\new-test-app
2020-04-24T11:54:06.802Z - debug:  [05028] No External Context at c:\moja-kolejna-proba-gh-pages\new-test-app
2020-04-24T11:54:06.808Z - debug:  [05028] Looking for TFVC repository at c:\moja-kolejna-proba-gh-pages\new-test-app
2020-04-24T11:54:06.808Z - debug:  [05028] TFVC Creating Tfvc object with localPath='undefined'
2020-04-24T11:54:06.809Z - debug:  [05028] Using TFS proxy: 
2020-04-24T11:54:06.809Z - debug:  [05028] TFVC Retrieved from settings; localPath='C:\Program Files (x86)\Microsoft Visual Studio\2017\Enterprise\Common7\IDE\CommonExtensions\Microsoft\TeamFoundation\Team Explorer\TF.exe'
2020-04-24T11:54:06.809Z - debug:  [05028] TFVC Repository created with repositoryRootFolder='c:\moja-kolejna-proba-gh-pages\new-test-app'
2020-04-24T11:54:06.810Z - debug:  [05028] TFVC Repository.CheckVersion
2020-04-24T11:54:06.810Z - debug:  [05028] TFVC: tf add -noprompt -?
2020-04-24T11:54:06.816Z - debug:  [05028] TFVC: spawned new process (duration: 5ms)
2020-04-24T11:54:06.820Z - debug:  [05028] TFVC: spawned new process (duration: 4ms)
2020-04-24T11:54:11.184Z - debug:  [05028] TFVC: add exit code: 0 (duration: 4374ms)
2020-04-24T11:54:11.184Z - debug:  [05028] TFVC Minimum required version: 14.102.0
2020-04-24T11:54:11.184Z - debug:  [05028] TFVC (TF.exe, TF.cmd) version: 15.129.29201.2
2020-04-24T11:54:11.184Z - debug:  [05028] TFVC Repository.FindWorkspace with localPath='c:\moja-kolejna-proba-gh-pages\new-test-app'
2020-04-24T11:54:11.185Z - debug:  [05028] TFVC: tf workfold -noprompt ********
2020-04-24T11:54:11.188Z - debug:  [05028] TFVC: spawned new process (duration: 3ms)
2020-04-24T11:54:11.582Z - debug:  [05028] TFVC: workfold exit code: 100 (duration: 397ms)
2020-04-24T11:54:11.583Z - debug:  [05028] TFVC errors (via stderr): Unable to determine the workspace. You may be able to correct this by running 'tf workspaces /collection:TeamProjectCollectionUrl'.

2020-04-24T11:54:11.584Z - error:  [05028] Execution of the TFVC command line failed unexpectedly.
2020-04-24T12:38:22.688Z - debug:  [05028] Reinitializing due to onDidChangeConfiguration
2020-04-24T12:38:22.693Z - debug:  [05028] Polling interval value (minutes): 5
2020-04-24T12:38:22.693Z - debug:  [05028] Polling interval must be greater than 10 minutes.
2020-04-24T12:38:22.701Z - info:   [05028] *** FOLDER: c:\moja-kolejna-proba-gh-pages\new-test-app ***
2020-04-24T12:38:22.702Z - info:   [05028] AzureReposVSCode/1.161.0 (VSCode 1.44.2; Windows_NT 10.0.17134; Node 12.8.1)
2020-04-24T12:38:22.703Z - debug:  [05028] Looking for an External Context at c:\moja-kolejna-proba-gh-pages\new-test-app
2020-04-24T12:38:22.704Z - debug:  [05028] No External Context at c:\moja-kolejna-proba-gh-pages\new-test-app
2020-04-24T12:38:22.720Z - debug:  [05028] Looking for TFVC repository at c:\moja-kolejna-proba-gh-pages\new-test-app
2020-04-24T12:38:22.721Z - debug:  [05028] TFVC Creating Tfvc object with localPath='undefined'
2020-04-24T12:38:22.723Z - debug:  [05028] Using TFS proxy: 
2020-04-24T12:38:22.723Z - debug:  [05028] TFVC Retrieved from settings; localPath='C:\Program Files (x86)\Microsoft Visual Studio\2017\Enterprise\Common7\IDE\CommonExtensions\Microsoft\TeamFoundation\Team Explorer\TF.exe'
2020-04-24T12:38:22.725Z - debug:  [05028] TFVC Repository created with repositoryRootFolder='c:\moja-kolejna-proba-gh-pages\new-test-app'
2020-04-24T12:38:22.726Z - debug:  [05028] TFVC Repository.CheckVersion
2020-04-24T12:38:22.727Z - debug:  [05028] TFVC: tf add -noprompt -?
2020-04-24T12:38:22.733Z - debug:  [05028] TFVC: spawned new process (duration: 5ms)
2020-04-24T12:38:26.072Z - debug:  [05028] TFVC: add exit code: 0 (duration: 3344ms)
2020-04-24T12:38:26.073Z - debug:  [05028] TFVC Minimum required version: 14.102.0
2020-04-24T12:38:26.073Z - debug:  [05028] TFVC (TF.exe, TF.cmd) version: 15.129.29201.2
2020-04-24T12:38:26.074Z - debug:  [05028] TFVC Repository.FindWorkspace with localPath='c:\moja-kolejna-proba-gh-pages\new-test-app'
2020-04-24T12:38:26.074Z - debug:  [05028] TFVC: tf workfold -noprompt ********
2020-04-24T12:38:26.079Z - debug:  [05028] TFVC: spawned new process (duration: 4ms)
2020-04-24T12:38:26.637Z - debug:  [05028] TFVC: workfold exit code: 100 (duration: 562ms)
2020-04-24T12:38:26.642Z - debug:  [05028] TFVC errors (via stderr): Unable to determine the workspace. You may be able to correct this by running 'tf workspaces /collection:TeamProjectCollectionUrl'.

2020-04-24T12:38:26.643Z - error:  [05028] Execution of the TFVC command line failed unexpectedly.
